This is pdfTeX, Version 3.14159265-2.6-1.40.19 (MiKTeX 2.9.6630 64-bit) (preloaded format=pdflatex 2018.6.1)  4 AUG 2018 21:27
entering extended mode
**./LaTeX-Win-Abschlussarbeits-Template.tex
(LaTeX-Win-Abschlussarbeits-Template.tex
LaTeX2e <2017-04-15>
Babel <3.18> and hyphenation patterns for 75 language(s) loaded.
(hawmt-abschlussarbeits-header.tex
("C:\Users\heldm\AppData\Local\Programs\MiKTeX 2.9\tex\latex\koma-script\scrrep
rt.cls"
Document Class: scrreprt 2018/03/30 v3.25 KOMA-Script document class (report)

("C:\Users\heldm\AppData\Local\Programs\MiKTeX 2.9\tex\latex\koma-script\scrkba
se.sty"
Package: scrkbase 2018/03/30 v3.25 KOMA-Script package (KOMA-Script-dependent b
asics and keyval usage)

("C:\Users\heldm\AppData\Local\Programs\MiKTeX 2.9\tex\latex\koma-script\scrbas
e.sty"
Package: scrbase 2018/03/30 v3.25 KOMA-Script package (KOMA-Script-independent 
basics and keyval usage)

("C:\Users\heldm\AppData\Local\Programs\MiKTeX 2.9\tex\latex\graphics\keyval.st
y"
Package: keyval 2014/10/28 v1.15 key=value parser (DPC)
\KV@toks@=\toks14
)
("C:\Users\heldm\AppData\Local\Programs\MiKTeX 2.9\tex\latex\koma-script\scrlfi
le.sty"
Package: scrlfile 2018/03/30 v3.25 KOMA-Script package (loading files)
)))
("C:\Users\heldm\AppData\Local\Programs\MiKTeX 2.9\tex\latex\koma-script\tocbas
ic.sty"
Package: tocbasic 2018/03/30 v3.25 KOMA-Script package (handling toc-files)
\scr@dte@tocline@numberwidth=\skip41
\scr@dte@tocline@numbox=\box26
)
Package tocbasic Info: omitting babel extension for `toc'
(tocbasic)             because of feature `nobabel' available
(tocbasic)             for `toc' on input line 136.
Package tocbasic Info: defining new hook before heading of `' on input line 166
7.
Class scrreprt Info: File `scrsize12pt.clo' used to setup font sizes on input l
ine 2328.

("C:\Users\heldm\AppData\Local\Programs\MiKTeX 2.9\tex\latex\koma-script\scrsiz
e12pt.clo"
File: scrsize12pt.clo 2018/03/30 v3.25 KOMA-Script font size class option (12pt
)
)
("C:\Users\heldm\AppData\Local\Programs\MiKTeX 2.9\tex\latex\koma-script\typear
ea.sty"
Package: typearea 2018/03/30 v3.25 KOMA-Script package (type area)
\ta@bcor=\skip42
\ta@div=\count79
\ta@hblk=\skip43
\ta@vblk=\skip44
\ta@temp=\skip45
\footheight=\skip46
Package typearea Info: These are the values describing the layout:
(typearea)             DIV  = 11
(typearea)             BCOR = 2.84526pt
(typearea)             \paperwidth      = 597.50793pt
(typearea)              \textwidth      = 432.48195pt
(typearea)              DIV departure   = -2%
(typearea)              \evensidemargin = 11.66563pt
(typearea)              \oddsidemargin  = 11.66563pt
(typearea)             \paperheight     = 845.04694pt
(typearea)              \textheight     = 621.0pt
(typearea)              \topmargin      = -35.32254pt
(typearea)              \headheight     = 18.125pt
(typearea)              \headsep        = 21.75pt
(typearea)              \topskip        = 12.0pt
(typearea)              \footskip       = 50.75pt
(typearea)              \baselineskip   = 14.5pt
(typearea)              on input line 1706.
)
\c@part=\count80
\c@chapter=\count81
\c@section=\count82
\c@subsection=\count83
\c@subsubsection=\count84
\c@paragraph=\count85
\c@subparagraph=\count86
\scr@dte@part@maxnumwidth=\skip47
\scr@dte@chapter@maxnumwidth=\skip48
\scr@dte@section@maxnumwidth=\skip49
\scr@dte@subsection@maxnumwidth=\skip50
\scr@dte@subsubsection@maxnumwidth=\skip51
\scr@dte@paragraph@maxnumwidth=\skip52
\scr@dte@subparagraph@maxnumwidth=\skip53
\abovecaptionskip=\skip54
\belowcaptionskip=\skip55
\c@pti@nb@sid@b@x=\box27
\scr@dte@figure@maxnumwidth=\skip56
Package tocbasic Info: omitting babel extension for `lof'
(tocbasic)             because of feature `nobabel' available
(tocbasic)             for `lof' on input line 6247.
\c@figure=\count87
\scr@dte@table@maxnumwidth=\skip57
Package tocbasic Info: omitting babel extension for `lot'
(tocbasic)             because of feature `nobabel' available
(tocbasic)             for `lot' on input line 6264.
\c@table=\count88
Class scrreprt Info: Redefining `\numberline' on input line 6433.
\bibindent=\dimen102
)
("C:\Users\heldm\AppData\Local\Programs\MiKTeX 2.9\tex\latex\base\fontenc.sty"
Package: fontenc 2017/04/05 v2.0i Standard LaTeX package

("C:\Users\heldm\AppData\Local\Programs\MiKTeX 2.9\tex\latex\base\t1enc.def"
File: t1enc.def 2017/04/05 v2.0i Standard LaTeX file
LaTeX Font Info:    Redeclaring font encoding T1 on input line 48.
))
("C:\Users\heldm\AppData\Local\Programs\MiKTeX 2.9\tex\latex\base\inputenc.sty"
Package: inputenc 2015/03/17 v1.2c Input encoding file
\inpenc@prehook=\toks15
\inpenc@posthook=\toks16
("C:\Users\heldm\AppData\Local\Programs\MiKTeX 2.9\tex\latex\base\utf8.def"
File: utf8.def 2017/01/28 v1.1t UTF-8 support for inputenc
Now handling font encoding OML ...
... no UTF-8 mapping file for font encoding OML
Now handling font encoding T1 ...
... processing UTF-8 mapping file for font encoding T1

("C:\Users\heldm\AppData\Local\Programs\MiKTeX 2.9\tex\latex\base\t1enc.dfu"
File: t1enc.dfu 2017/01/28 v1.1t UTF-8 support for inputenc
   defining Unicode char U+00A0 (decimal 160)
   defining Unicode char U+00A1 (decimal 161)
   defining Unicode char U+00A3 (decimal 163)
   defining Unicode char U+00AB (decimal 171)
   defining Unicode char U+00AD (decimal 173)
   defining Unicode char U+00BB (decimal 187)
   defining Unicode char U+00BF (decimal 191)
   defining Unicode char U+00C0 (decimal 192)
   defining Unicode char U+00C1 (decimal 193)
   defining Unicode char U+00C2 (decimal 194)
   defining Unicode char U+00C3 (decimal 195)
   defining Unicode char U+00C4 (decimal 196)
   defining Unicode char U+00C5 (decimal 197)
   defining Unicode char U+00C6 (decimal 198)
   defining Unicode char U+00C7 (decimal 199)
   defining Unicode char U+00C8 (decimal 200)
   defining Unicode char U+00C9 (decimal 201)
   defining Unicode char U+00CA (decimal 202)
   defining Unicode char U+00CB (decimal 203)
   defining Unicode char U+00CC (decimal 204)
   defining Unicode char U+00CD (decimal 205)
   defining Unicode char U+00CE (decimal 206)
   defining Unicode char U+00CF (decimal 207)
   defining Unicode char U+00D0 (decimal 208)
   defining Unicode char U+00D1 (decimal 209)
   defining Unicode char U+00D2 (decimal 210)
   defining Unicode char U+00D3 (decimal 211)
   defining Unicode char U+00D4 (decimal 212)
   defining Unicode char U+00D5 (decimal 213)
   defining Unicode char U+00D6 (decimal 214)
   defining Unicode char U+00D8 (decimal 216)
   defining Unicode char U+00D9 (decimal 217)
   defining Unicode char U+00DA (decimal 218)
   defining Unicode char U+00DB (decimal 219)
   defining Unicode char U+00DC (decimal 220)
   defining Unicode char U+00DD (decimal 221)
   defining Unicode char U+00DE (decimal 222)
   defining Unicode char U+00DF (decimal 223)
   defining Unicode char U+00E0 (decimal 224)
   defining Unicode char U+00E1 (decimal 225)
   defining Unicode char U+00E2 (decimal 226)
   defining Unicode char U+00E3 (decimal 227)
   defining Unicode char U+00E4 (decimal 228)
   defining Unicode char U+00E5 (decimal 229)
   defining Unicode char U+00E6 (decimal 230)
   defining Unicode char U+00E7 (decimal 231)
   defining Unicode char U+00E8 (decimal 232)
   defining Unicode char U+00E9 (decimal 233)
   defining Unicode char U+00EA (decimal 234)
   defining Unicode char U+00EB (decimal 235)
   defining Unicode char U+00EC (decimal 236)
   defining Unicode char U+00ED (decimal 237)
   defining Unicode char U+00EE (decimal 238)
   defining Unicode char U+00EF (decimal 239)
   defining Unicode char U+00F0 (decimal 240)
   defining Unicode char U+00F1 (decimal 241)
   defining Unicode char U+00F2 (decimal 242)
   defining Unicode char U+00F3 (decimal 243)
   defining Unicode char U+00F4 (decimal 244)
   defining Unicode char U+00F5 (decimal 245)
   defining Unicode char U+00F6 (decimal 246)
   defining Unicode char U+00F8 (decimal 248)
   defining Unicode char U+00F9 (decimal 249)
   defining Unicode char U+00FA (decimal 250)
   defining Unicode char U+00FB (decimal 251)
   defining Unicode char U+00FC (decimal 252)
   defining Unicode char U+00FD (decimal 253)
   defining Unicode char U+00FE (decimal 254)
   defining Unicode char U+00FF (decimal 255)
   defining Unicode char U+0100 (decimal 256)
   defining Unicode char U+0101 (decimal 257)
   defining Unicode char U+0102 (decimal 258)
   defining Unicode char U+0103 (decimal 259)
   defining Unicode char U+0104 (decimal 260)
   defining Unicode char U+0105 (decimal 261)
   defining Unicode char U+0106 (decimal 262)
   defining Unicode char U+0107 (decimal 263)
   defining Unicode char U+0108 (decimal 264)
   defining Unicode char U+0109 (decimal 265)
   defining Unicode char U+010A (decimal 266)
   defining Unicode char U+010B (decimal 267)
   defining Unicode char U+010C (decimal 268)
   defining Unicode char U+010D (decimal 269)
   defining Unicode char U+010E (decimal 270)
   defining Unicode char U+010F (decimal 271)
   defining Unicode char U+0110 (decimal 272)
   defining Unicode char U+0111 (decimal 273)
   defining Unicode char U+0112 (decimal 274)
   defining Unicode char U+0113 (decimal 275)
   defining Unicode char U+0114 (decimal 276)
   defining Unicode char U+0115 (decimal 277)
   defining Unicode char U+0116 (decimal 278)
   defining Unicode char U+0117 (decimal 279)
   defining Unicode char U+0118 (decimal 280)
   defining Unicode char U+0119 (decimal 281)
   defining Unicode char U+011A (decimal 282)
   defining Unicode char U+011B (decimal 283)
   defining Unicode char U+011C (decimal 284)
   defining Unicode char U+011D (decimal 285)
   defining Unicode char U+011E (decimal 286)
   defining Unicode char U+011F (decimal 287)
   defining Unicode char U+0120 (decimal 288)
   defining Unicode char U+0121 (decimal 289)
   defining Unicode char U+0122 (decimal 290)
   defining Unicode char U+0123 (decimal 291)
   defining Unicode char U+0124 (decimal 292)
   defining Unicode char U+0125 (decimal 293)
   defining Unicode char U+0128 (decimal 296)
   defining Unicode char U+0129 (decimal 297)
   defining Unicode char U+012A (decimal 298)
   defining Unicode char U+012B (decimal 299)
   defining Unicode char U+012C (decimal 300)
   defining Unicode char U+012D (decimal 301)
   defining Unicode char U+012E (decimal 302)
   defining Unicode char U+012F (decimal 303)
   defining Unicode char U+0130 (decimal 304)
   defining Unicode char U+0131 (decimal 305)
   defining Unicode char U+0132 (decimal 306)
   defining Unicode char U+0133 (decimal 307)
   defining Unicode char U+0134 (decimal 308)
   defining Unicode char U+0135 (decimal 309)
   defining Unicode char U+0136 (decimal 310)
   defining Unicode char U+0137 (decimal 311)
   defining Unicode char U+0139 (decimal 313)
   defining Unicode char U+013A (decimal 314)
   defining Unicode char U+013B (decimal 315)
   defining Unicode char U+013C (decimal 316)
   defining Unicode char U+013D (decimal 317)
   defining Unicode char U+013E (decimal 318)
   defining Unicode char U+0141 (decimal 321)
   defining Unicode char U+0142 (decimal 322)
   defining Unicode char U+0143 (decimal 323)
   defining Unicode char U+0144 (decimal 324)
   defining Unicode char U+0145 (decimal 325)
   defining Unicode char U+0146 (decimal 326)
   defining Unicode char U+0147 (decimal 327)
   defining Unicode char U+0148 (decimal 328)
   defining Unicode char U+014A (decimal 330)
   defining Unicode char U+014B (decimal 331)
   defining Unicode char U+014C (decimal 332)
   defining Unicode char U+014D (decimal 333)
   defining Unicode char U+014E (decimal 334)
   defining Unicode char U+014F (decimal 335)
   defining Unicode char U+0150 (decimal 336)
   defining Unicode char U+0151 (decimal 337)
   defining Unicode char U+0152 (decimal 338)
   defining Unicode char U+0153 (decimal 339)
   defining Unicode char U+0154 (decimal 340)
   defining Unicode char U+0155 (decimal 341)
   defining Unicode char U+0156 (decimal 342)
   defining Unicode char U+0157 (decimal 343)
   defining Unicode char U+0158 (decimal 344)
   defining Unicode char U+0159 (decimal 345)
   defining Unicode char U+015A (decimal 346)
   defining Unicode char U+015B (decimal 347)
   defining Unicode char U+015C (decimal 348)
   defining Unicode char U+015D (decimal 349)
   defining Unicode char U+015E (decimal 350)
   defining Unicode char U+015F (decimal 351)
   defining Unicode char U+0160 (decimal 352)
   defining Unicode char U+0161 (decimal 353)
   defining Unicode char U+0162 (decimal 354)
   defining Unicode char U+0163 (decimal 355)
   defining Unicode char U+0164 (decimal 356)
   defining Unicode char U+0165 (decimal 357)
   defining Unicode char U+0168 (decimal 360)
   defining Unicode char U+0169 (decimal 361)
   defining Unicode char U+016A (decimal 362)
   defining Unicode char U+016B (decimal 363)
   defining Unicode char U+016C (decimal 364)
   defining Unicode char U+016D (decimal 365)
   defining Unicode char U+016E (decimal 366)
   defining Unicode char U+016F (decimal 367)
   defining Unicode char U+0170 (decimal 368)
   defining Unicode char U+0171 (decimal 369)
   defining Unicode char U+0172 (decimal 370)
   defining Unicode char U+0173 (decimal 371)
   defining Unicode char U+0174 (decimal 372)
   defining Unicode char U+0175 (decimal 373)
   defining Unicode char U+0176 (decimal 374)
   defining Unicode char U+0177 (decimal 375)
   defining Unicode char U+0178 (decimal 376)
   defining Unicode char U+0179 (decimal 377)
   defining Unicode char U+017A (decimal 378)
   defining Unicode char U+017B (decimal 379)
   defining Unicode char U+017C (decimal 380)
   defining Unicode char U+017D (decimal 381)
   defining Unicode char U+017E (decimal 382)
   defining Unicode char U+01CD (decimal 461)
   defining Unicode char U+01CE (decimal 462)
   defining Unicode char U+01CF (decimal 463)
   defining Unicode char U+01D0 (decimal 464)
   defining Unicode char U+01D1 (decimal 465)
   defining Unicode char U+01D2 (decimal 466)
   defining Unicode char U+01D3 (decimal 467)
   defining Unicode char U+01D4 (decimal 468)
   defining Unicode char U+01E2 (decimal 482)
   defining Unicode char U+01E3 (decimal 483)
   defining Unicode char U+01E6 (decimal 486)
   defining Unicode char U+01E7 (decimal 487)
   defining Unicode char U+01E8 (decimal 488)
   defining Unicode char U+01E9 (decimal 489)
   defining Unicode char U+01EA (decimal 490)
   defining Unicode char U+01EB (decimal 491)
   defining Unicode char U+01F0 (decimal 496)
   defining Unicode char U+01F4 (decimal 500)
   defining Unicode char U+01F5 (decimal 501)
   defining Unicode char U+0218 (decimal 536)
   defining Unicode char U+0219 (decimal 537)
   defining Unicode char U+021A (decimal 538)
   defining Unicode char U+021B (decimal 539)
   defining Unicode char U+0232 (decimal 562)
   defining Unicode char U+0233 (decimal 563)
   defining Unicode char U+1E02 (decimal 7682)
   defining Unicode char U+1E03 (decimal 7683)
   defining Unicode char U+200C (decimal 8204)
   defining Unicode char U+2010 (decimal 8208)
   defining Unicode char U+2011 (decimal 8209)
   defining Unicode char U+2012 (decimal 8210)
   defining Unicode char U+2013 (decimal 8211)
   defining Unicode char U+2014 (decimal 8212)
   defining Unicode char U+2015 (decimal 8213)
   defining Unicode char U+2018 (decimal 8216)
   defining Unicode char U+2019 (decimal 8217)
   defining Unicode char U+201A (decimal 8218)
   defining Unicode char U+201C (decimal 8220)
   defining Unicode char U+201D (decimal 8221)
   defining Unicode char U+201E (decimal 8222)
   defining Unicode char U+2030 (decimal 8240)
   defining Unicode char U+2031 (decimal 8241)
   defining Unicode char U+2039 (decimal 8249)
   defining Unicode char U+203A (decimal 8250)
   defining Unicode char U+2423 (decimal 9251)
   defining Unicode char U+1E20 (decimal 7712)
   defining Unicode char U+1E21 (decimal 7713)
)
Now handling font encoding OT1 ...
... processing UTF-8 mapping file for font encoding OT1

("C:\Users\heldm\AppData\Local\Programs\MiKTeX 2.9\tex\latex\base\ot1enc.dfu"
File: ot1enc.dfu 2017/01/28 v1.1t UTF-8 support for inputenc
   defining Unicode char U+00A0 (decimal 160)
   defining Unicode char U+00A1 (decimal 161)
   defining Unicode char U+00A3 (decimal 163)
   defining Unicode char U+00AD (decimal 173)
   defining Unicode char U+00B8 (decimal 184)
   defining Unicode char U+00BF (decimal 191)
   defining Unicode char U+00C5 (decimal 197)
   defining Unicode char U+00C6 (decimal 198)
   defining Unicode char U+00D8 (decimal 216)
   defining Unicode char U+00DF (decimal 223)
   defining Unicode char U+00E6 (decimal 230)
   defining Unicode char U+00EC (decimal 236)
   defining Unicode char U+00ED (decimal 237)
   defining Unicode char U+00EE (decimal 238)
   defining Unicode char U+00EF (decimal 239)
   defining Unicode char U+00F8 (decimal 248)
   defining Unicode char U+0131 (decimal 305)
   defining Unicode char U+0141 (decimal 321)
   defining Unicode char U+0142 (decimal 322)
   defining Unicode char U+0152 (decimal 338)
   defining Unicode char U+0153 (decimal 339)
   defining Unicode char U+0174 (decimal 372)
   defining Unicode char U+0175 (decimal 373)
   defining Unicode char U+0176 (decimal 374)
   defining Unicode char U+0177 (decimal 375)
   defining Unicode char U+0218 (decimal 536)
   defining Unicode char U+0219 (decimal 537)
   defining Unicode char U+021A (decimal 538)
   defining Unicode char U+021B (decimal 539)
   defining Unicode char U+2013 (decimal 8211)
   defining Unicode char U+2014 (decimal 8212)
   defining Unicode char U+2018 (decimal 8216)
   defining Unicode char U+2019 (decimal 8217)
   defining Unicode char U+201C (decimal 8220)
   defining Unicode char U+201D (decimal 8221)
)
Now handling font encoding OMS ...
... processing UTF-8 mapping file for font encoding OMS

("C:\Users\heldm\AppData\Local\Programs\MiKTeX 2.9\tex\latex\base\omsenc.dfu"
File: omsenc.dfu 2017/01/28 v1.1t UTF-8 support for inputenc
   defining Unicode char U+00A7 (decimal 167)
   defining Unicode char U+00B6 (decimal 182)
   defining Unicode char U+00B7 (decimal 183)
   defining Unicode char U+2020 (decimal 8224)
   defining Unicode char U+2021 (decimal 8225)
   defining Unicode char U+2022 (decimal 8226)
)
Now handling font encoding OMX ...
... no UTF-8 mapping file for font encoding OMX
Now handling font encoding U ...
... no UTF-8 mapping file for font encoding U
   defining Unicode char U+00A9 (decimal 169)
   defining Unicode char U+00AA (decimal 170)
   defining Unicode char U+00AE (decimal 174)
   defining Unicode char U+00BA (decimal 186)
   defining Unicode char U+02C6 (decimal 710)
   defining Unicode char U+02DC (decimal 732)
   defining Unicode char U+200C (decimal 8204)
   defining Unicode char U+2026 (decimal 8230)
   defining Unicode char U+2122 (decimal 8482)
   defining Unicode char U+2423 (decimal 9251)
)) ("C:\Users\heldm\AppData\Local\Programs\MiKTeX 2.9\tex\latex\lm\lmodern.sty"
Package: lmodern 2009/10/30 v1.6 Latin Modern Fonts
LaTeX Font Info:    Overwriting symbol font `operators' in version `normal'
(Font)                  OT1/cmr/m/n --> OT1/lmr/m/n on input line 22.
LaTeX Font Info:    Overwriting symbol font `letters' in version `normal'
(Font)                  OML/cmm/m/it --> OML/lmm/m/it on input line 23.
LaTeX Font Info:    Overwriting symbol font `symbols' in version `normal'
(Font)                  OMS/cmsy/m/n --> OMS/lmsy/m/n on input line 24.
LaTeX Font Info:    Overwriting symbol font `largesymbols' in version `normal'
(Font)                  OMX/cmex/m/n --> OMX/lmex/m/n on input line 25.
LaTeX Font Info:    Overwriting symbol font `operators' in version `bold'
(Font)                  OT1/cmr/bx/n --> OT1/lmr/bx/n on input line 26.
LaTeX Font Info:    Overwriting symbol font `letters' in version `bold'
(Font)                  OML/cmm/b/it --> OML/lmm/b/it on input line 27.
LaTeX Font Info:    Overwriting symbol font `symbols' in version `bold'
(Font)                  OMS/cmsy/b/n --> OMS/lmsy/b/n on input line 28.
LaTeX Font Info:    Overwriting symbol font `largesymbols' in version `bold'
(Font)                  OMX/cmex/m/n --> OMX/lmex/m/n on input line 29.
LaTeX Font Info:    Overwriting math alphabet `\mathbf' in version `normal'
(Font)                  OT1/cmr/bx/n --> OT1/lmr/bx/n on input line 31.
LaTeX Font Info:    Overwriting math alphabet `\mathsf' in version `normal'
(Font)                  OT1/cmss/m/n --> OT1/lmss/m/n on input line 32.
LaTeX Font Info:    Overwriting math alphabet `\mathit' in version `normal'
(Font)                  OT1/cmr/m/it --> OT1/lmr/m/it on input line 33.
LaTeX Font Info:    Overwriting math alphabet `\mathtt' in version `normal'
(Font)                  OT1/cmtt/m/n --> OT1/lmtt/m/n on input line 34.
LaTeX Font Info:    Overwriting math alphabet `\mathbf' in version `bold'
(Font)                  OT1/cmr/bx/n --> OT1/lmr/bx/n on input line 35.
LaTeX Font Info:    Overwriting math alphabet `\mathsf' in version `bold'
(Font)                  OT1/cmss/bx/n --> OT1/lmss/bx/n on input line 36.
LaTeX Font Info:    Overwriting math alphabet `\mathit' in version `bold'
(Font)                  OT1/cmr/bx/it --> OT1/lmr/bx/it on input line 37.
LaTeX Font Info:    Overwriting math alphabet `\mathtt' in version `bold'
(Font)                  OT1/cmtt/m/n --> OT1/lmtt/m/n on input line 38.
) ("C:\Users\heldm\AppData\Local\Programs\MiKTeX 2.9\tex\generic\babel\babel.st
y"
Package: babel 2018/02/14 3.18 The Babel package

("C:\Users\heldm\AppData\Local\Programs\MiKTeX 2.9\tex\generic\babel\switch.def
"
File: switch.def 2018/02/14 3.18 Babel switching mechanism
)
*************************************
* Local config file bblopts.cfg used
*
("C:\Users\heldm\AppData\Local\Programs\MiKTeX 2.9\tex\latex\arabi\bblopts.cfg"
File: bblopts.cfg 2005/09/08 v0.1 add Arabic and Farsi to "declared" options of
 babel
)
("C:\Users\heldm\AppData\Local\Programs\MiKTeX 2.9\tex\latex\babel-english\engl
ish.ldf"
Language: english 2017/06/06 v3.3r English support from the babel system

("C:\Users\heldm\AppData\Local\Programs\MiKTeX 2.9\tex\generic\babel\babel.def"
File: babel.def 2018/02/14 3.18 Babel common definitions
\babel@savecnt=\count89
\U@D=\dimen103

("C:\Users\heldm\AppData\Local\Programs\MiKTeX 2.9\tex\generic\babel\txtbabel.d
ef")
\bbl@dirlevel=\count90
)
\l@canadian = a dialect from \language\l@american 
\l@australian = a dialect from \language\l@british 
\l@newzealand = a dialect from \language\l@british 
)
("C:\Users\heldm\AppData\Local\Programs\MiKTeX 2.9\tex\latex\babel-german\ngerm
an.ldf"
Language: ngerman 2016/11/02 v2.9 German support for babel (new orthography)

("C:\Users\heldm\AppData\Local\Programs\MiKTeX 2.9\tex\latex\babel-german\ngerm
anb.ldf"
Language: ngermanb 2016/11/02 v2.9 German support for babel (new orthography)
Package babel Info: Making " an active character on input line 125.
)))
("C:\Users\heldm\AppData\Local\Programs\MiKTeX 2.9\tex\latex\graphics\graphicx.
sty"
Package: graphicx 2017/06/01 v1.1a Enhanced LaTeX Graphics (DPC,SPQR)

("C:\Users\heldm\AppData\Local\Programs\MiKTeX 2.9\tex\latex\graphics\graphics.
sty"
Package: graphics 2017/06/25 v1.2c Standard LaTeX Graphics (DPC,SPQR)

("C:\Users\heldm\AppData\Local\Programs\MiKTeX 2.9\tex\latex\graphics\trig.sty"
Package: trig 2016/01/03 v1.10 sin cos tan (DPC)
)
("C:\Users\heldm\AppData\Local\Programs\MiKTeX 2.9\tex\latex\graphics-cfg\graph
ics.cfg"
File: graphics.cfg 2016/06/04 v1.11 sample graphics configuration
)
Package graphics Info: Driver file: pdftex.def on input line 99.

("C:\Users\heldm\AppData\Local\Programs\MiKTeX 2.9\tex\latex\graphics-def\pdfte
x.def"
File: pdftex.def 2018/01/08 v1.0l Graphics/color driver for pdftex
))
\Gin@req@height=\dimen104
\Gin@req@width=\dimen105
)
("C:\Users\heldm\AppData\Local\Programs\MiKTeX 2.9\tex\latex\float\float.sty"
Package: float 2001/11/08 v1.3d Float enhancements (AL)
\c@float@type=\count91
\float@exts=\toks17
\float@box=\box28
\@float@everytoks=\toks18
\@floatcapt=\box29
)
("C:\Users\heldm\AppData\Local\Programs\MiKTeX 2.9\tex\latex\xcolor\xcolor.sty"
Package: xcolor 2016/05/11 v2.12 LaTeX color extensions (UK)

("C:\Users\heldm\AppData\Local\Programs\MiKTeX 2.9\tex\latex\graphics-cfg\color
.cfg"
File: color.cfg 2016/01/02 v1.6 sample color configuration
)
Package xcolor Info: Driver file: pdftex.def on input line 225.

("C:\Users\heldm\AppData\Local\Programs\MiKTeX 2.9\tex\latex\colortbl\colortbl.
sty"
Package: colortbl 2018/05/02 v1.0c Color table columns (DPC)

("C:\Users\heldm\AppData\Local\Programs\MiKTeX 2.9\tex\latex\tools\array.sty"
Package: array 2016/10/06 v2.4d Tabular extension package (FMi)
\col@sep=\dimen106
\extrarowheight=\dimen107
\NC@list=\toks19
\extratabsurround=\skip58
\backup@length=\skip59
)
\everycr=\toks20
\minrowclearance=\skip60
)
\rownum=\count92
Package xcolor Info: Model `cmy' substituted by `cmy0' on input line 1348.
Package xcolor Info: Model `hsb' substituted by `rgb' on input line 1352.
Package xcolor Info: Model `RGB' extended on input line 1364.
Package xcolor Info: Model `HTML' substituted by `rgb' on input line 1366.
Package xcolor Info: Model `Hsb' substituted by `hsb' on input line 1367.
Package xcolor Info: Model `tHsb' substituted by `hsb' on input line 1368.
Package xcolor Info: Model `HSB' substituted by `hsb' on input line 1369.
Package xcolor Info: Model `Gray' substituted by `gray' on input line 1370.
Package xcolor Info: Model `wave' substituted by `hsb' on input line 1371.
)
("C:\Users\heldm\AppData\Local\Programs\MiKTeX 2.9\tex\latex\booktabs\booktabs.
sty"
Package: booktabs 2005/04/14 v1.61803 publication quality tables
\heavyrulewidth=\dimen108
\lightrulewidth=\dimen109
\cmidrulewidth=\dimen110
\belowrulesep=\dimen111
\belowbottomsep=\dimen112
\aboverulesep=\dimen113
\abovetopsep=\dimen114
\cmidrulesep=\dimen115
\cmidrulekern=\dimen116
\defaultaddspace=\dimen117
\@cmidla=\count93
\@cmidlb=\count94
\@aboverulesep=\dimen118
\@belowrulesep=\dimen119
\@thisruleclass=\count95
\@lastruleclass=\count96
\@thisrulewidth=\dimen120
)
("C:\Users\heldm\AppData\Local\Programs\MiKTeX 2.9\tex\latex\natbib\natbib.sty"
Package: natbib 2010/09/13 8.31b (PWD, AO)
\bibhang=\skip61
\bibsep=\skip62
LaTeX Info: Redefining \cite on input line 694.
\c@NAT@ctr=\count97
) ("C:\Users\heldm\AppData\Local\Programs\MiKTeX 2.9\tex\latex\url\url.sty"
\Urlmuskip=\muskip10
Package: url 2013/09/16  ver 3.4  Verb mode for urls, etc.
)
("C:\Users\heldm\AppData\Local\Programs\MiKTeX 2.9\tex\latex\hyperref\hyperref.
sty"
Package: hyperref 2018/02/06 v6.86b Hypertext links for LaTeX

("C:\Users\heldm\AppData\Local\Programs\MiKTeX 2.9\tex\generic\oberdiek\hobsub-
hyperref.sty"
Package: hobsub-hyperref 2016/05/16 v1.14 Bundle oberdiek, subset hyperref (HO)


("C:\Users\heldm\AppData\Local\Programs\MiKTeX 2.9\tex\generic\oberdiek\hobsub-
generic.sty"
Package: hobsub-generic 2016/05/16 v1.14 Bundle oberdiek, subset generic (HO)
Package: hobsub 2016/05/16 v1.14 Construct package bundles (HO)
Package: infwarerr 2016/05/16 v1.4 Providing info/warning/error messages (HO)
Package: ltxcmds 2016/05/16 v1.23 LaTeX kernel commands for general use (HO)
Package: ifluatex 2016/05/16 v1.4 Provides the ifluatex switch (HO)
Package ifluatex Info: LuaTeX not detected.
Package: ifvtex 2016/05/16 v1.6 Detect VTeX and its facilities (HO)
Package ifvtex Info: VTeX not detected.
Package: intcalc 2016/05/16 v1.2 Expandable calculations with integers (HO)
Package: ifpdf 2017/03/15 v3.2 Provides the ifpdf switch
Package: etexcmds 2016/05/16 v1.6 Avoid name clashes with e-TeX commands (HO)
Package etexcmds Info: Could not find \expanded.
(etexcmds)             That can mean that you are not using pdfTeX 1.50 or
(etexcmds)             that some package has redefined \expanded.
(etexcmds)             In the latter case, load this package earlier.
Package: kvsetkeys 2016/05/16 v1.17 Key value parser (HO)
Package: kvdefinekeys 2016/05/16 v1.4 Define keys (HO)
Package: pdftexcmds 2018/01/21 v0.26 Utility functions of pdfTeX for LuaTeX (HO
)
Package pdftexcmds Info: LuaTeX not detected.
Package pdftexcmds Info: \pdf@primitive is available.
Package pdftexcmds Info: \pdf@ifprimitive is available.
Package pdftexcmds Info: \pdfdraftmode found.
Package: pdfescape 2016/05/16 v1.14 Implements pdfTeX's escape features (HO)
Package: bigintcalc 2016/05/16 v1.4 Expandable calculations on big integers (HO
)
Package: bitset 2016/05/16 v1.2 Handle bit-vector datatype (HO)
Package: uniquecounter 2016/05/16 v1.3 Provide unlimited unique counter (HO)
)
Package hobsub Info: Skipping package `hobsub' (already loaded).
Package: letltxmacro 2016/05/16 v1.5 Let assignment for LaTeX macros (HO)
Package: hopatch 2016/05/16 v1.3 Wrapper for package hooks (HO)
Package: xcolor-patch 2016/05/16 xcolor patch
Package: atveryend 2016/05/16 v1.9 Hooks at the very end of document (HO)
Package atveryend Info: \enddocument detected (standard20110627).
Package: atbegshi 2016/06/09 v1.18 At begin shipout hook (HO)
Package: refcount 2016/05/16 v3.5 Data extraction from label references (HO)
Package: hycolor 2016/05/16 v1.8 Color options for hyperref/bookmark (HO)
)
("C:\Users\heldm\AppData\Local\Programs\MiKTeX 2.9\tex\generic\ifxetex\ifxetex.
sty"
Package: ifxetex 2010/09/12 v0.6 Provides ifxetex conditional
)
("C:\Users\heldm\AppData\Local\Programs\MiKTeX 2.9\tex\latex\oberdiek\auxhook.s
ty"
Package: auxhook 2016/05/16 v1.4 Hooks for auxiliary files (HO)
)
("C:\Users\heldm\AppData\Local\Programs\MiKTeX 2.9\tex\latex\oberdiek\kvoptions
.sty"
Package: kvoptions 2016/05/16 v3.12 Key value format for package options (HO)
)
\@linkdim=\dimen121
\Hy@linkcounter=\count98
\Hy@pagecounter=\count99

("C:\Users\heldm\AppData\Local\Programs\MiKTeX 2.9\tex\latex\hyperref\pd1enc.de
f"
File: pd1enc.def 2018/02/06 v6.86b Hyperref: PDFDocEncoding definition (HO)
Now handling font encoding PD1 ...
... no UTF-8 mapping file for font encoding PD1
)
\Hy@SavedSpaceFactor=\count100

("C:\Users\heldm\AppData\Local\Programs\MiKTeX 2.9\tex\latex\00miktex\hyperref.
cfg"
File: hyperref.cfg 2002/06/06 v1.2 hyperref configuration of TeXLive
)
Package hyperref Info: Option `colorlinks' set `true' on input line 4383.
Package hyperref Info: Hyper figures OFF on input line 4509.
Package hyperref Info: Link nesting OFF on input line 4514.
Package hyperref Info: Hyper index ON on input line 4517.
Package hyperref Info: Plain pages OFF on input line 4524.
Package hyperref Info: Backreferencing OFF on input line 4529.
Package hyperref Info: Implicit mode ON; LaTeX internals redefined.
Package hyperref Info: Bookmarks ON on input line 4762.
\c@Hy@tempcnt=\count101
LaTeX Info: Redefining \url on input line 5115.
\XeTeXLinkMargin=\dimen122
\Fld@menulength=\count102
\Field@Width=\dimen123
\Fld@charsize=\dimen124
Package hyperref Info: Hyper figures OFF on input line 6369.
Package hyperref Info: Link nesting OFF on input line 6374.
Package hyperref Info: Hyper index ON on input line 6377.
Package hyperref Info: backreferencing OFF on input line 6384.
Package hyperref Info: Link coloring ON on input line 6387.
Package hyperref Info: Link coloring with OCG OFF on input line 6394.
Package hyperref Info: PDF/A mode OFF on input line 6399.
LaTeX Info: Redefining \ref on input line 6439.
LaTeX Info: Redefining \pageref on input line 6443.
\Hy@abspage=\count103
\c@Item=\count104
\c@Hfootnote=\count105
)
Package hyperref Info: Driver (autodetected): hpdftex.

("C:\Users\heldm\AppData\Local\Programs\MiKTeX 2.9\tex\latex\hyperref\hpdftex.d
ef"
File: hpdftex.def 2018/02/06 v6.86b Hyperref driver for pdfTeX
\Fld@listcount=\count106
\c@bookmark@seq@number=\count107

("C:\Users\heldm\AppData\Local\Programs\MiKTeX 2.9\tex\latex\oberdiek\rerunfile
check.sty"
Package: rerunfilecheck 2016/05/16 v1.8 Rerun checks for auxiliary files (HO)
Package uniquecounter Info: New unique counter `rerunfilecheck' on input line 2
82.
)
\Hy@SectionHShift=\skip63
)
("C:\Users\heldm\AppData\Local\Programs\MiKTeX 2.9\tex\latex\amsmath\amsmath.st
y"
Package: amsmath 2017/09/02 v2.17a AMS math features
\@mathmargin=\skip64

For additional information on amsmath, use the `?' option.

("C:\Users\heldm\AppData\Local\Programs\MiKTeX 2.9\tex\latex\amsmath\amstext.st
y"
Package: amstext 2000/06/29 v2.01 AMS text

("C:\Users\heldm\AppData\Local\Programs\MiKTeX 2.9\tex\latex\amsmath\amsgen.sty
"
File: amsgen.sty 1999/11/30 v2.0 generic functions
\@emptytoks=\toks21
\ex@=\dimen125
))
("C:\Users\heldm\AppData\Local\Programs\MiKTeX 2.9\tex\latex\amsmath\amsbsy.sty
"
Package: amsbsy 1999/11/29 v1.2d Bold Symbols
\pmbraise@=\dimen126
)
("C:\Users\heldm\AppData\Local\Programs\MiKTeX 2.9\tex\latex\amsmath\amsopn.sty
"
Package: amsopn 2016/03/08 v2.02 operator names
)
\inf@bad=\count108
LaTeX Info: Redefining \frac on input line 213.
\uproot@=\count109
\leftroot@=\count110
LaTeX Info: Redefining \overline on input line 375.
\classnum@=\count111
\DOTSCASE@=\count112
LaTeX Info: Redefining \ldots on input line 472.
LaTeX Info: Redefining \dots on input line 475.
LaTeX Info: Redefining \cdots on input line 596.
\Mathstrutbox@=\box30
\strutbox@=\box31
\big@size=\dimen127
LaTeX Font Info:    Redeclaring font encoding OML on input line 712.
LaTeX Font Info:    Redeclaring font encoding OMS on input line 713.
\macc@depth=\count113
\c@MaxMatrixCols=\count114
\dotsspace@=\muskip11
\c@parentequation=\count115
\dspbrk@lvl=\count116
\tag@help=\toks22
\row@=\count117
\column@=\count118
\maxfields@=\count119
\andhelp@=\toks23
\eqnshift@=\dimen128
\alignsep@=\dimen129
\tagshift@=\dimen130
\tagwidth@=\dimen131
\totwidth@=\dimen132
\lineht@=\dimen133
\@envbody=\toks24
\multlinegap=\skip65
\multlinetaggap=\skip66
\mathdisplay@stack=\toks25
LaTeX Info: Redefining \[ on input line 2817.
LaTeX Info: Redefining \] on input line 2818.
)) (hawmt-bachelor-titelblatt.tex) (LaTeX-Win-Abschlussarbeits-Template.aux

LaTeX Warning: Label `gl_tlci1' multiply defined.

)
\openout1 = `LaTeX-Win-Abschlussarbeits-Template.aux'.

LaTeX Font Info:    Checking defaults for OML/cmm/m/it on input line 34.
LaTeX Font Info:    ... okay on input line 34.
LaTeX Font Info:    Checking defaults for T1/cmr/m/n on input line 34.
LaTeX Font Info:    ... okay on input line 34.
LaTeX Font Info:    Checking defaults for OT1/cmr/m/n on input line 34.
LaTeX Font Info:    ... okay on input line 34.
LaTeX Font Info:    Checking defaults for OMS/cmsy/m/n on input line 34.
LaTeX Font Info:    ... okay on input line 34.
LaTeX Font Info:    Checking defaults for OMX/cmex/m/n on input line 34.
LaTeX Font Info:    ... okay on input line 34.
LaTeX Font Info:    Checking defaults for U/cmr/m/n on input line 34.
LaTeX Font Info:    ... okay on input line 34.
LaTeX Font Info:    Checking defaults for PD1/pdf/m/n on input line 34.
LaTeX Font Info:    ... okay on input line 34.
LaTeX Font Info:    Try loading font information for T1+lmr on input line 34.
 ("C:\Users\heldm\AppData\Local\Programs\MiKTeX 2.9\tex\latex\lm\t1lmr.fd"
File: t1lmr.fd 2009/10/30 v1.6 Font defs for Latin Modern
)
("C:\Users\heldm\AppData\Local\Programs\MiKTeX 2.9\tex\context\base\supp-pdf.mk
ii"
[Loading MPS to PDF converter (version 2006.09.02).]
\scratchcounter=\count120
\scratchdimen=\dimen134
\scratchbox=\box32
\nofMPsegments=\count121
\nofMParguments=\count122
\everyMPshowfont=\toks26
\MPscratchCnt=\count123
\MPscratchDim=\dimen135
\MPnumerator=\count124
\makeMPintoPDFobject=\count125
\everyMPtoPDFconversion=\toks27
)
("C:\Users\heldm\AppData\Local\Programs\MiKTeX 2.9\tex\latex\oberdiek\epstopdf-
base.sty"
Package: epstopdf-base 2016/05/15 v2.6 Base part for package epstopdf

("C:\Users\heldm\AppData\Local\Programs\MiKTeX 2.9\tex\latex\oberdiek\grfext.st
y"
Package: grfext 2016/05/16 v1.2 Manage graphics extensions (HO)
)
Package epstopdf-base Info: Redefining graphics rule for `.eps' on input line 4
38.
Package grfext Info: Graphics extension search list:
(grfext)             [.pdf,.png,.jpg,.mps,.jpeg,.jbig2,.jb2,.PDF,.PNG,.JPG,.JPE
G,.JBIG2,.JB2,.eps]
(grfext)             \AppendGraphicsExtensions on input line 456.
)
\AtBeginShipoutBox=\box33
Package hyperref Info: Link coloring ON on input line 34.

("C:\Users\heldm\AppData\Local\Programs\MiKTeX 2.9\tex\latex\hyperref\nameref.s
ty"
Package: nameref 2016/05/21 v2.44 Cross-referencing by name of section

("C:\Users\heldm\AppData\Local\Programs\MiKTeX 2.9\tex\generic\oberdiek\gettitl
estring.sty"
Package: gettitlestring 2016/05/16 v1.5 Cleanup title references (HO)
)
\c@section@level=\count126
)
LaTeX Info: Redefining \ref on input line 34.
LaTeX Info: Redefining \pageref on input line 34.
LaTeX Info: Redefining \nameref on input line 34.
 (LaTeX-Win-Abschlussarbeits-Template.out)
(LaTeX-Win-Abschlussarbeits-Template.out)
\@outlinefile=\write3
\openout3 = `LaTeX-Win-Abschlussarbeits-Template.out'.

LaTeX Font Info:    Try loading font information for T1+lmss on input line 37.

("C:\Users\heldm\AppData\Local\Programs\MiKTeX 2.9\tex\latex\lm\t1lmss.fd"
File: t1lmss.fd 2009/10/30 v1.6 Font defs for Latin Modern
)
LaTeX Font Info:    Try loading font information for OT1+lmr on input line 37.

("C:\Users\heldm\AppData\Local\Programs\MiKTeX 2.9\tex\latex\lm\ot1lmr.fd"
File: ot1lmr.fd 2009/10/30 v1.6 Font defs for Latin Modern
)
LaTeX Font Info:    Try loading font information for OML+lmm on input line 37.

("C:\Users\heldm\AppData\Local\Programs\MiKTeX 2.9\tex\latex\lm\omllmm.fd"
File: omllmm.fd 2009/10/30 v1.6 Font defs for Latin Modern
)
LaTeX Font Info:    Try loading font information for OMS+lmsy on input line 37.


("C:\Users\heldm\AppData\Local\Programs\MiKTeX 2.9\tex\latex\lm\omslmsy.fd"
File: omslmsy.fd 2009/10/30 v1.6 Font defs for Latin Modern
)
LaTeX Font Info:    Try loading font information for OMX+lmex on input line 37.


("C:\Users\heldm\AppData\Local\Programs\MiKTeX 2.9\tex\latex\lm\omxlmex.fd"
File: omxlmex.fd 2009/10/30 v1.6 Font defs for Latin Modern
)
LaTeX Font Info:    External font `lmex10' loaded for size
(Font)              <17.28> on input line 37.
LaTeX Font Info:    External font `lmex10' loaded for size
(Font)              <12> on input line 37.
LaTeX Font Info:    External font `lmex10' loaded for size
(Font)              <10> on input line 37.
<HAW_wuerfel.jpg, id=191, 516.93124pt x 504.88625pt>
File: HAW_wuerfel.jpg Graphic file (type jpg)
<use HAW_wuerfel.jpg>
Package pdftex.def Info: HAW_wuerfel.jpg  used on input line 37.
(pdftex.def)             Requested size: 56.39917pt x 55.08311pt.
Package babel Info: Redefining ngerman shorthand "|
(babel)             in language  on input line 37.
Package babel Info: Redefining ngerman shorthand "~
(babel)             in language  on input line 37.
Package babel Info: Redefining ngerman shorthand "|
(babel)             in language  on input line 37.
Package babel Info: Redefining ngerman shorthand "~
(babel)             in language  on input line 37.

[1



{C:/Users/heldm/AppData/Local/MiKTeX/2.9/pdftex/config/pdftex.map} <./HAW_wuerf
el.jpg>] (LaTeX-Win-Abschlussarbeits-Template.toc
LaTeX Font Info:    External font `lmex10' loaded for size
(Font)              <8> on input line 7.
LaTeX Font Info:    External font `lmex10' loaded for size
(Font)              <6> on input line 7.
Package babel Info: Redefining ngerman shorthand "|
(babel)             in language  on input line 37.
Package babel Info: Redefining ngerman shorthand "~
(babel)             in language  on input line 37.
Package babel Info: Redefining ngerman shorthand "|
(babel)             in language  on input line 37.
Package babel Info: Redefining ngerman shorthand "~
(babel)             in language  on input line 37.
 [2

])
\tf@toc=\write4
\openout4 = `LaTeX-Win-Abschlussarbeits-Template.toc'.

Package babel Info: Redefining ngerman shorthand "|
(babel)             in language  on input line 38.
Package babel Info: Redefining ngerman shorthand "~
(babel)             in language  on input line 38.
Package babel Info: Redefining ngerman shorthand "|
(babel)             in language  on input line 38.
Package babel Info: Redefining ngerman shorthand "~
(babel)             in language  on input line 38.
 [3]
Overfull \hbox (6.97624pt too wide) in paragraph at lines 56--60
\T1/lmr/m/n/12 denRed Tail si-mu-lie-ren soll, auf einen Mess-punkt aus-ge-ri
ch-tet. Der LED-Scheinwerfer
 []

Package babel Info: Redefining ngerman shorthand "|
(babel)             in language  on input line 66.
Package babel Info: Redefining ngerman shorthand "~
(babel)             in language  on input line 66.
Package babel Info: Redefining ngerman shorthand "|
(babel)             in language  on input line 66.
Package babel Info: Redefining ngerman shorthand "~
(babel)             in language  on input line 66.
[4

]
chapter 1.
Package babel Info: Redefining ngerman shorthand "|
(babel)             in language  on input line 66.
Package babel Info: Redefining ngerman shorthand "~
(babel)             in language  on input line 66.

Class scrreprt Warning: \float@addtolists detected!
(scrreprt)              Implementation of \float@addtolist became
(scrreprt)              deprecated in KOMA-Script v3.01 2008/11/14 and
(scrreprt)              has been replaced by several more flexible
(scrreprt)              features of package `tocbasic`.
(scrreprt)              Since Version 3.12 support for deprecated
(scrreprt)              \float@addtolist interface has been
(scrreprt)              restricted to only some of the KOMA-Script
(scrreprt)              features and been removed from others.
(scrreprt)              Loading of package `scrhack' may help to
(scrreprt)              avoid this warning, if you are using a
(scrreprt)              a package that still implements the
(scrreprt)              deprecated \float@addtolist interface .

Package babel Info: Redefining ngerman shorthand "|
(babel)             in language  on input line 68.
Package babel Info: Redefining ngerman shorthand "~
(babel)             in language  on input line 68.
Package babel Info: Redefining ngerman shorthand "|
(babel)             in language  on input line 68.
Package babel Info: Redefining ngerman shorthand "~
(babel)             in language  on input line 68.
[5

]
chapter 2.
Package babel Info: Redefining ngerman shorthand "|
(babel)             in language  on input line 68.
Package babel Info: Redefining ngerman shorthand "~
(babel)             in language  on input line 68.
Package babel Info: Redefining ngerman shorthand "|
(babel)             in language  on input line 70.
Package babel Info: Redefining ngerman shorthand "~
(babel)             in language  on input line 70.
Package babel Info: Redefining ngerman shorthand "|
(babel)             in language  on input line 72.
Package babel Info: Redefining ngerman shorthand "~
(babel)             in language  on input line 72.

Package hyperref Warning: Token not allowed in a PDF string (PDFDocEncoding):
(hyperref)                removing `math shift' on input line 72.


Package hyperref Warning: Token not allowed in a PDF string (PDFDocEncoding):
(hyperref)                removing `\Phi' on input line 72.


Package hyperref Warning: Token not allowed in a PDF string (PDFDocEncoding):
(hyperref)                removing `math shift' on input line 72.

Package babel Info: Redefining ngerman shorthand "|
(babel)             in language  on input line 74.
Package babel Info: Redefining ngerman shorthand "~
(babel)             in language  on input line 74.
Package babel Info: Redefining ngerman shorthand "|
(babel)             in language  on input line 76.
Package babel Info: Redefining ngerman shorthand "~
(babel)             in language  on input line 76.
Package babel Info: Redefining ngerman shorthand "|
(babel)             in language  on input line 78.
Package babel Info: Redefining ngerman shorthand "~
(babel)             in language  on input line 78.
Package babel Info: Redefining ngerman shorthand "|
(babel)             in language  on input line 80.
Package babel Info: Redefining ngerman shorthand "~
(babel)             in language  on input line 80.
Package babel Info: Redefining ngerman shorthand "|
(babel)             in language  on input line 80.
Package babel Info: Redefining ngerman shorthand "~
(babel)             in language  on input line 80.
[6

]
chapter 3.
Package babel Info: Redefining ngerman shorthand "|
(babel)             in language  on input line 80.
Package babel Info: Redefining ngerman shorthand "~
(babel)             in language  on input line 80.
Package babel Info: Redefining ngerman shorthand "|
(babel)             in language  on input line 82.
Package babel Info: Redefining ngerman shorthand "~
(babel)             in language  on input line 82.
Package babel Info: Redefining ngerman shorthand "|
(babel)             in language  on input line 84.
Package babel Info: Redefining ngerman shorthand "~
(babel)             in language  on input line 84.
Package babel Info: Redefining ngerman shorthand "|
(babel)             in language  on input line 86.
Package babel Info: Redefining ngerman shorthand "~
(babel)             in language  on input line 86.
Package babel Info: Redefining ngerman shorthand "|
(babel)             in language  on input line 88.
Package babel Info: Redefining ngerman shorthand "~
(babel)             in language  on input line 88.
Package babel Info: Redefining ngerman shorthand "|
(babel)             in language  on input line 90.
Package babel Info: Redefining ngerman shorthand "~
(babel)             in language  on input line 90.
Package babel Info: Redefining ngerman shorthand "|
(babel)             in language  on input line 94.
Package babel Info: Redefining ngerman shorthand "~
(babel)             in language  on input line 94.
Package babel Info: Redefining ngerman shorthand "|
(babel)             in language  on input line 94.
Package babel Info: Redefining ngerman shorthand "~
(babel)             in language  on input line 94.
[7

]
chapter 4.
Package babel Info: Redefining ngerman shorthand "|
(babel)             in language  on input line 94.
Package babel Info: Redefining ngerman shorthand "~
(babel)             in language  on input line 94.
Package babel Info: Redefining ngerman shorthand "|
(babel)             in language  on input line 98.
Package babel Info: Redefining ngerman shorthand "~
(babel)             in language  on input line 98.
LaTeX Font Info:    External font `lmex10' loaded for size
(Font)              <7> on input line 102.
LaTeX Font Info:    External font `lmex10' loaded for size
(Font)              <5> on input line 102.
<bilder/augespek.png, id=292, 1282.7925pt x 931.48pt>
File: bilder/augespek.png Graphic file (type png)
<use bilder/augespek.png>
Package pdftex.def Info: bilder/augespek.png  used on input line 111.
(pdftex.def)             Requested size: 302.73604pt x 219.82169pt.
Package babel Info: Redefining ngerman shorthand "|
(babel)             in language  on input line 115.
Package babel Info: Redefining ngerman shorthand "~
(babel)             in language  on input line 115.
Package babel Info: Redefining ngerman shorthand "|
(babel)             in language  on input line 115.
Package babel Info: Redefining ngerman shorthand "~
(babel)             in language  on input line 115.
[8

]
LaTeX Font Info:    Try loading font information for T1+lmtt on input line 116.

 ("C:\Users\heldm\AppData\Local\Programs\MiKTeX 2.9\tex\latex\lm\t1lmtt.fd"
File: t1lmtt.fd 2009/10/30 v1.6 Font defs for Latin Modern
)
<bilder/zonen.png, id=323, 283.4339pt x 213.42235pt>
File: bilder/zonen.png Graphic file (type png)
<use bilder/zonen.png>
Package pdftex.def Info: bilder/zonen.png  used on input line 126.
(pdftex.def)             Requested size: 302.73604pt x 227.97537pt.
Package babel Info: Redefining ngerman shorthand "|
(babel)             in language  on input line 130.
Package babel Info: Redefining ngerman shorthand "~
(babel)             in language  on input line 130.
Package babel Info: Redefining ngerman shorthand "|
(babel)             in language  on input line 130.
Package babel Info: Redefining ngerman shorthand "~
(babel)             in language  on input line 130.
[9 <./bilder/augespek.png>]
Underfull \hbox (badness 10000) in paragraph at lines 139--140

 []

Package babel Info: Redefining ngerman shorthand "|
(babel)             in language  on input line 143.
Package babel Info: Redefining ngerman shorthand "~
(babel)             in language  on input line 143.
Package babel Info: Redefining ngerman shorthand "|
(babel)             in language  on input line 143.
Package babel Info: Redefining ngerman shorthand "~
(babel)             in language  on input line 143.
[10 <./bilder/zonen.png>]
<bilder/farben+.png, id=357, 421.575pt x 401.5pt>
File: bilder/farben+.png Graphic file (type png)
<use bilder/farben+.png>
Package pdftex.def Info: bilder/farben+.png  used on input line 158.
(pdftex.def)             Requested size: 216.24097pt x 205.94467pt.

Underfull \hbox (badness 10000) in paragraph at lines 163--163
  [][][][][]$\T1/lmtt/m/n/10 https : / / upload . wikimedia . org / wikipedia /
 commons / thumb / e / e0 / Synthese % 2B . svg / 420px -[]
 []

Package babel Info: Redefining ngerman shorthand "|
(babel)             in language  on input line 166.
Package babel Info: Redefining ngerman shorthand "~
(babel)             in language  on input line 166.
Package babel Info: Redefining ngerman shorthand "|
(babel)             in language  on input line 166.
Package babel Info: Redefining ngerman shorthand "~
(babel)             in language  on input line 166.
[11 <./bilder/farben+.png>]
<bilder/farben-.png, id=376, 651.43375pt x 651.43375pt>
File: bilder/farben-.png Graphic file (type png)
<use bilder/farben-.png>
Package pdftex.def Info: bilder/farben-.png  used on input line 175.
(pdftex.def)             Requested size: 216.24097pt x 216.23618pt.

Underfull \hbox (badness 10000) in paragraph at lines 181--181
  [][][][][]$\T1/lmtt/m/n/10 https : / / upload . wikimedia . org / wikipedia /
 commons / thumb / 6 / 64 / CMY _ ideal _ version _
 []

Package babel Info: Redefining ngerman shorthand "|
(babel)             in language  on input line 187.
Package babel Info: Redefining ngerman shorthand "~
(babel)             in language  on input line 187.
Package babel Info: Redefining ngerman shorthand "|
(babel)             in language  on input line 189.
Package babel Info: Redefining ngerman shorthand "~
(babel)             in language  on input line 189.
Package babel Info: Redefining ngerman shorthand "|
(babel)             in language  on input line 192.
Package babel Info: Redefining ngerman shorthand "~
(babel)             in language  on input line 192.
Package babel Info: Redefining ngerman shorthand "|
(babel)             in language  on input line 192.
Package babel Info: Redefining ngerman shorthand "~
(babel)             in language  on input line 192.
[12 <./bilder/farben-.png>]
<bilder/rgb1.jpg, id=396, 248.42813pt x 234.8775pt>
File: bilder/rgb1.jpg Graphic file (type jpg)
<use bilder/rgb1.jpg>
Package pdftex.def Info: bilder/rgb1.jpg  used on input line 206.
(pdftex.def)             Requested size: 216.24097pt x 204.44928pt.
Package babel Info: Redefining ngerman shorthand "|
(babel)             in language  on input line 210.
Package babel Info: Redefining ngerman shorthand "~
(babel)             in language  on input line 210.
Package babel Info: Redefining ngerman shorthand "|
(babel)             in language  on input line 210.
Package babel Info: Redefining ngerman shorthand "~
(babel)             in language  on input line 210.
 [13]
Package babel Info: Redefining ngerman shorthand "|
(babel)             in language  on input line 213.
Package babel Info: Redefining ngerman shorthand "~
(babel)             in language  on input line 213.
Package babel Info: Redefining ngerman shorthand "|
(babel)             in language  on input line 226.
Package babel Info: Redefining ngerman shorthand "~
(babel)             in language  on input line 226.
Package babel Info: Redefining ngerman shorthand "|
(babel)             in language  on input line 226.
Package babel Info: Redefining ngerman shorthand "~
(babel)             in language  on input line 226.
 [14 <./bilder/rgb1.jpg>]
<bilder/xyz1.jpg, id=435, 700.6175pt x 770.88pt>
File: bilder/xyz1.jpg Graphic file (type jpg)
<use bilder/xyz1.jpg>
Package pdftex.def Info: bilder/xyz1.jpg  used on input line 237.
(pdftex.def)             Requested size: 345.98688pt x 380.68694pt.
Package babel Info: Redefining ngerman shorthand "|
(babel)             in language  on input line 241.
Package babel Info: Redefining ngerman shorthand "~
(babel)             in language  on input line 241.
Package babel Info: Redefining ngerman shorthand "|
(babel)             in language  on input line 241.
Package babel Info: Redefining ngerman shorthand "~
(babel)             in language  on input line 241.
 [15]
<bilder/cct.png, id=450, 458.46281pt x 325.215pt>
File: bilder/cct.png Graphic file (type png)
<use bilder/cct.png>
Package pdftex.def Info: bilder/cct.png  used on input line 248.
(pdftex.def)             Requested size: 345.98688pt x 245.43906pt.
Package babel Info: Redefining ngerman shorthand "|
(babel)             in language  on input line 252.
Package babel Info: Redefining ngerman shorthand "~
(babel)             in language  on input line 252.
Package babel Info: Redefining ngerman shorthand "|
(babel)             in language  on input line 252.
Package babel Info: Redefining ngerman shorthand "~
(babel)             in language  on input line 252.
 [16 <./bilder/xyz1.jpg>]
Underfull \hbox (badness 10000) in paragraph at lines 255--256

 []

<bilder/ellipsen.jpg, id=461, 444.7014pt x 312.2064pt>
File: bilder/ellipsen.jpg Graphic file (type jpg)
<use bilder/ellipsen.jpg>
Package pdftex.def Info: bilder/ellipsen.jpg  used on input line 261.
(pdftex.def)             Requested size: 432.48195pt x 303.63542pt.
Package babel Info: Redefining ngerman shorthand "|
(babel)             in language  on input line 265.
Package babel Info: Redefining ngerman shorthand "~
(babel)             in language  on input line 265.
Package babel Info: Redefining ngerman shorthand "|
(babel)             in language  on input line 265.
Package babel Info: Redefining ngerman shorthand "~
(babel)             in language  on input line 265.
[17 <./bilder/cct.png>]
Underfull \hbox (badness 10000) in paragraph at lines 266--266
  [][][][][]$\T1/lmtt/m/n/10 https : / / ecse . rpi . edu / ~schubert / Light -
[] Emitting -[] Diodes -[] dot -[] org / chap17 / F17 -[]
 []

Package babel Info: Redefining ngerman shorthand "|
(babel)             in language  on input line 271.
Package babel Info: Redefining ngerman shorthand "~
(babel)             in language  on input line 271.
Package babel Info: Redefining ngerman shorthand "|
(babel)             in language  on input line 275.
Package babel Info: Redefining ngerman shorthand "~
(babel)             in language  on input line 275.
Package babel Info: Redefining ngerman shorthand "|
(babel)             in language  on input line 275.
Package babel Info: Redefining ngerman shorthand "~
(babel)             in language  on input line 275.
[18 <./bilder/ellipsen.jpg>]
<bilder/ucs.jpg, id=484, 579.1236pt x 520.344pt>
File: bilder/ucs.jpg Graphic file (type jpg)
<use bilder/ucs.jpg>
Package pdftex.def Info: bilder/ucs.jpg  used on input line 284.
(pdftex.def)             Requested size: 345.98688pt x 310.88284pt.
<bilder/duv1.png, id=493, 280.6485pt x 233.07076pt>
File: bilder/duv1.png Graphic file (type png)
<use bilder/duv1.png>
Package pdftex.def Info: bilder/duv1.png  used on input line 295.
(pdftex.def)             Requested size: 345.98688pt x 287.35458pt.
Package babel Info: Redefining ngerman shorthand "|
(babel)             in language  on input line 299.
Package babel Info: Redefining ngerman shorthand "~
(babel)             in language  on input line 299.
Package babel Info: Redefining ngerman shorthand "|
(babel)             in language  on input line 299.
Package babel Info: Redefining ngerman shorthand "~
(babel)             in language  on input line 299.
 [19 <./bilder/ucs.jpg>]
Underfull \hbox (badness 10000) in paragraph at lines 307--308

 []


Overfull \hbox (20.0822pt too wide) in paragraph at lines 309--309
\T1/lmr/m/n/12 noch wei-te-re drei-di-men-sio-na-le Far-bru-me be-stimmt, die 
fr die Red-Tail-Untersuchungen,
 []

Package babel Info: Redefining ngerman shorthand "|
(babel)             in language  on input line 309.
Package babel Info: Redefining ngerman shorthand "~
(babel)             in language  on input line 309.
Package babel Info: Redefining ngerman shorthand "|
(babel)             in language  on input line 309.
Package babel Info: Redefining ngerman shorthand "~
(babel)             in language  on input line 309.
[20 <./bilder/duv1.png>]
chapter 5.
Package babel Info: Redefining ngerman shorthand "|
(babel)             in language  on input line 312.
Package babel Info: Redefining ngerman shorthand "~
(babel)             in language  on input line 312.
Package babel Info: Redefining ngerman shorthand "|
(babel)             in language  on input line 315.
Package babel Info: Redefining ngerman shorthand "~
(babel)             in language  on input line 315.

Underfull \hbox (badness 10000) in paragraph at lines 348--352

 []

Package babel Info: Redefining ngerman shorthand "|
(babel)             in language  on input line 352.
Package babel Info: Redefining ngerman shorthand "~
(babel)             in language  on input line 352.
Package babel Info: Redefining ngerman shorthand "|
(babel)             in language  on input line 352.
Package babel Info: Redefining ngerman shorthand "~
(babel)             in language  on input line 352.
[21

]
<bilder/cri.jpg, id=544, 2409.0pt x 1003.75pt>
File: bilder/cri.jpg Graphic file (type jpg)
<use bilder/cri.jpg>
Package pdftex.def Info: bilder/cri.jpg  used on input line 355.
(pdftex.def)             Requested size: 345.98688pt x 144.15393pt.
Package babel Info: Redefining ngerman shorthand "|
(babel)             in language  on input line 363.
Package babel Info: Redefining ngerman shorthand "~
(babel)             in language  on input line 363.
Package babel Info: Redefining ngerman shorthand "|
(babel)             in language  on input line 363.
Package babel Info: Redefining ngerman shorthand "~
(babel)             in language  on input line 363.
 [22 <./bilder/cri.jpg>]
<bilder/cri2.jpg, id=556, 817.55438pt x 264.23718pt>
File: bilder/cri2.jpg Graphic file (type jpg)
<use bilder/cri2.jpg>
Package pdftex.def Info: bilder/cri2.jpg  used on input line 366.
(pdftex.def)             Requested size: 432.48195pt x 139.78296pt.

Underfull \hbox (badness 10000) in paragraph at lines 371--373

 []

Package babel Info: Redefining ngerman shorthand "|
(babel)             in language  on input line 374.
Package babel Info: Redefining ngerman shorthand "~
(babel)             in language  on input line 374.
Package babel Info: Redefining ngerman shorthand "|
(babel)             in language  on input line 374.
Package babel Info: Redefining ngerman shorthand "~
(babel)             in language  on input line 374.
[23 <./bilder/cri2.jpg>]
Package babel Info: Redefining ngerman shorthand "|
(babel)             in language  on input line 374.
Package babel Info: Redefining ngerman shorthand "~
(babel)             in language  on input line 374.
<bilder/cqs.png, id=581, 454.69875pt x 111.41624pt>
File: bilder/cqs.png Graphic file (type png)
<use bilder/cqs.png>
Package pdftex.def Info: bilder/cqs.png  used on input line 380.
(pdftex.def)             Requested size: 345.98688pt x 84.77922pt.
Package babel Info: Redefining ngerman shorthand "|
(babel)             in language  on input line 402.
Package babel Info: Redefining ngerman shorthand "~
(babel)             in language  on input line 402.
Package babel Info: Redefining ngerman shorthand "|
(babel)             in language  on input line 402.
Package babel Info: Redefining ngerman shorthand "~
(babel)             in language  on input line 402.
 [24 <./bilder/cqs.png>]
Underfull \hbox (badness 10000) in paragraph at lines 402--403

 []


LaTeX Warning: Reference `sec_lab' on page 25 undefined on input line 404.


Underfull \hbox (badness 10000) in paragraph at lines 404--405

 []

<bilder/cqs2a.jpg, id=604, 1026.08344pt x 342.5297pt>
File: bilder/cqs2a.jpg Graphic file (type jpg)
<use bilder/cqs2a.jpg>
Package pdftex.def Info: bilder/cqs2a.jpg  used on input line 408.
(pdftex.def)             Requested size: 389.23111pt x 129.93266pt.
<bilder/cqs2b.jpg, id=605, 511.9125pt x 343.2825pt>
File: bilder/cqs2b.jpg Graphic file (type jpg)
<use bilder/cqs2b.jpg>
Package pdftex.def Info: bilder/cqs2b.jpg  used on input line 415.
(pdftex.def)             Requested size: 302.73604pt x 203.01157pt.
Package babel Info: Redefining ngerman shorthand "|
(babel)             in language  on input line 424.
Package babel Info: Redefining ngerman shorthand "~
(babel)             in language  on input line 424.
Package babel Info: Redefining ngerman shorthand "|
(babel)             in language  on input line 424.
Package babel Info: Redefining ngerman shorthand "~
(babel)             in language  on input line 424.
[25 <./bilder/cqs2a.jpg>]
Package babel Info: Redefining ngerman shorthand "|
(babel)             in language  on input line 425.
Package babel Info: Redefining ngerman shorthand "~
(babel)             in language  on input line 425.
<bilder/tlci1.jpg, id=623, 417.12pt x 169.95pt>
File: bilder/tlci1.jpg Graphic file (type jpg)
<use bilder/tlci1.jpg>
Package pdftex.def Info: bilder/tlci1.jpg  used on input line 431.
(pdftex.def)             Requested size: 432.48195pt x 176.21739pt.
Package babel Info: Redefining ngerman shorthand "|
(babel)             in language  on input line 444.
Package babel Info: Redefining ngerman shorthand "~
(babel)             in language  on input line 444.
Package babel Info: Redefining ngerman shorthand "|
(babel)             in language  on input line 444.
Package babel Info: Redefining ngerman shorthand "~
(babel)             in language  on input line 444.
 [26 <./bilder/cqs2b.jpg>]
Package babel Info: Redefining ngerman shorthand "|
(babel)             in language  on input line 457.
Package babel Info: Redefining ngerman shorthand "~
(babel)             in language  on input line 457.
Package babel Info: Redefining ngerman shorthand "|
(babel)             in language  on input line 457.
Package babel Info: Redefining ngerman shorthand "~
(babel)             in language  on input line 457.
 [27 <./bilder/tlci1.jpg>]
Package babel Info: Redefining ngerman shorthand "|
(babel)             in language  on input line 476.
Package babel Info: Redefining ngerman shorthand "~
(babel)             in language  on input line 476.
Package babel Info: Redefining ngerman shorthand "|
(babel)             in language  on input line 476.
Package babel Info: Redefining ngerman shorthand "~
(babel)             in language  on input line 476.

[28]
Underfull \hbox (badness 10000) in paragraph at lines 478--479

 []

<bilder/tlci2.jpg, id=664, 1072.005pt x 551.05875pt>
File: bilder/tlci2.jpg Graphic file (type jpg)
<use bilder/tlci2.jpg>
Package pdftex.def Info: bilder/tlci2.jpg  used on input line 482.
(pdftex.def)             Requested size: 432.48195pt x 222.3115pt.

LaTeX Warning: Reference `sec_spektrum' on page 29 undefined on input line 487.



Underfull \hbox (badness 10000) in paragraph at lines 487--491

 []

Package babel Info: Redefining ngerman shorthand "|
(babel)             in language  on input line 491.
Package babel Info: Redefining ngerman shorthand "~
(babel)             in language  on input line 491.
Package babel Info: Redefining ngerman shorthand "|
(babel)             in language  on input line 491.
Package babel Info: Redefining ngerman shorthand "~
(babel)             in language  on input line 491.
[29 <./bilder/tlci2.jpg>]
Package babel Info: Redefining ngerman shorthand "|
(babel)             in language  on input line 496.
Package babel Info: Redefining ngerman shorthand "~
(babel)             in language  on input line 496.
Package babel Info: Redefining ngerman shorthand "|
(babel)             in language  on input line 500.
Package babel Info: Redefining ngerman shorthand "~
(babel)             in language  on input line 500.
Package babel Info: Redefining ngerman shorthand "|
(babel)             in language  on input line 500.
Package babel Info: Redefining ngerman shorthand "~
(babel)             in language  on input line 500.
 [30]
<bilder/tm301.png, id=690, 903.375pt x 955.57pt>
File: bilder/tm301.png Graphic file (type png)
<use bilder/tm301.png>
Package pdftex.def Info: bilder/tm301.png  used on input line 504.
(pdftex.def)             Requested size: 432.48195pt x 457.47276pt.
Package babel Info: Redefining ngerman shorthand "|
(babel)             in language  on input line 513.
Package babel Info: Redefining ngerman shorthand "~
(babel)             in language  on input line 513.
Package babel Info: Redefining ngerman shorthand "|
(babel)             in language  on input line 513.
Package babel Info: Redefining ngerman shorthand "~
(babel)             in language  on input line 513.
 [31 <./bilder/tm301.png>]
<bilder/tm302.jpg, id=710, 144.2991pt x 197.538pt>
File: bilder/tm302.jpg Graphic file (type jpg)
<use bilder/tm302.jpg>
Package pdftex.def Info: bilder/tm302.jpg  used on input line 517.
(pdftex.def)             Requested size: 216.24097pt x 296.02594pt.
Package babel Info: Redefining ngerman shorthand "|
(babel)             in language  on input line 523.
Package babel Info: Redefining ngerman shorthand "~
(babel)             in language  on input line 523.
Package babel Info: Redefining ngerman shorthand "|
(babel)             in language  on input line 523.
Package babel Info: Redefining ngerman shorthand "~
(babel)             in language  on input line 523.
 [32 <./bilder/tm302.jpg>]
<bilder/tm303.jpg, id=723, 578.16pt x 302.73361pt>
File: bilder/tm303.jpg Graphic file (type jpg)
<use bilder/tm303.jpg>
Package pdftex.def Info: bilder/tm303.jpg  used on input line 527.
(pdftex.def)             Requested size: 432.48195pt x 226.45375pt.
<bilder/tm304.jpg, id=729, 1091.07625pt x 719.68875pt>
File: bilder/tm304.jpg Graphic file (type jpg)
<use bilder/tm304.jpg>
Package pdftex.def Info: bilder/tm304.jpg  used on input line 538.
(pdftex.def)             Requested size: 432.48195pt x 285.26778pt.
Package babel Info: Redefining ngerman shorthand "|
(babel)             in language  on input line 542.
Package babel Info: Redefining ngerman shorthand "~
(babel)             in language  on input line 542.
Package babel Info: Redefining ngerman shorthand "|
(babel)             in language  on input line 542.
Package babel Info: Redefining ngerman shorthand "~
(babel)             in language  on input line 542.
 [33 <./bilder/tm303.jpg>]
Package babel Info: Redefining ngerman shorthand "|
(babel)             in language  on input line 546.
Package babel Info: Redefining ngerman shorthand "~
(babel)             in language  on input line 546.
Package babel Info: Redefining ngerman shorthand "|
(babel)             in language  on input line 546.
Package babel Info: Redefining ngerman shorthand "~
(babel)             in language  on input line 546.
 [34 <./bilder/tm304.jpg>]
chapter 6.
Package babel Info: Redefining ngerman shorthand "|
(babel)             in language  on input line 546.
Package babel Info: Redefining ngerman shorthand "~
(babel)             in language  on input line 546.
Package babel Info: Redefining ngerman shorthand "|
(babel)             in language  on input line 553.
Package babel Info: Redefining ngerman shorthand "~
(babel)             in language  on input line 553.
Package babel Info: Redefining ngerman shorthand "|
(babel)             in language  on input line 562.
Package babel Info: Redefining ngerman shorthand "~
(babel)             in language  on input line 562.
Package babel Info: Redefining ngerman shorthand "|
(babel)             in language  on input line 568.
Package babel Info: Redefining ngerman shorthand "~
(babel)             in language  on input line 568.
Package babel Info: Redefining ngerman shorthand "|
(babel)             in language  on input line 568.
Package babel Info: Redefining ngerman shorthand "~
(babel)             in language  on input line 568.
[35

]
Package babel Info: Redefining ngerman shorthand "|
(babel)             in language  on input line 581.
Package babel Info: Redefining ngerman shorthand "~
(babel)             in language  on input line 581.
Package babel Info: Redefining ngerman shorthand "|
(babel)             in language  on input line 586.
Package babel Info: Redefining ngerman shorthand "~
(babel)             in language  on input line 586.
Package babel Info: Redefining ngerman shorthand "|
(babel)             in language  on input line 586.
Package babel Info: Redefining ngerman shorthand "~
(babel)             in language  on input line 586.
 [36]
Package babel Info: Redefining ngerman shorthand "|
(babel)             in language  on input line 589.
Package babel Info: Redefining ngerman shorthand "~
(babel)             in language  on input line 589.
Package babel Info: Redefining ngerman shorthand "|
(babel)             in language  on input line 589.
Package babel Info: Redefining ngerman shorthand "~
(babel)             in language  on input line 589.
 [37]
chapter 7.
Package babel Info: Redefining ngerman shorthand "|
(babel)             in language  on input line 589.
Package babel Info: Redefining ngerman shorthand "~
(babel)             in language  on input line 589.

Overfull \hbox (19.46123pt too wide) in paragraph at lines 590--592
\T1/lmr/m/n/12 zwei Schein-wer-fer mit rein-wei-er LED-Engine aus-ge-whlt. Be
i den Multichip-Scheinwerfer
 []

Package babel Info: Redefining ngerman shorthand "|
(babel)             in language  on input line 595.
Package babel Info: Redefining ngerman shorthand "~
(babel)             in language  on input line 595.
Package babel Info: Redefining ngerman shorthand "|
(babel)             in language  on input line 605.
Package babel Info: Redefining ngerman shorthand "~
(babel)             in language  on input line 605.
Package babel Info: Redefining ngerman shorthand "|
(babel)             in language  on input line 605.
Package babel Info: Redefining ngerman shorthand "~
(babel)             in language  on input line 605.
[38

]
chapter 8.
Package babel Info: Redefining ngerman shorthand "|
(babel)             in language  on input line 605.
Package babel Info: Redefining ngerman shorthand "~
(babel)             in language  on input line 605.
Package babel Info: Redefining ngerman shorthand "|
(babel)             in language  on input line 617.
Package babel Info: Redefining ngerman shorthand "~
(babel)             in language  on input line 617.
Package babel Info: Redefining ngerman shorthand "|
(babel)             in language  on input line 621.
Package babel Info: Redefining ngerman shorthand "~
(babel)             in language  on input line 621.
Package babel Info: Redefining ngerman shorthand "|
(babel)             in language  on input line 621.
Package babel Info: Redefining ngerman shorthand "~
(babel)             in language  on input line 621.
[39

]
Package babel Info: Redefining ngerman shorthand "|
(babel)             in language  on input line 623.
Package babel Info: Redefining ngerman shorthand "~
(babel)             in language  on input line 623.
Package babel Info: Redefining ngerman shorthand "|
(babel)             in language  on input line 630.
Package babel Info: Redefining ngerman shorthand "~
(babel)             in language  on input line 630.
Package babel Info: Redefining ngerman shorthand "|
(babel)             in language  on input line 630.
Package babel Info: Redefining ngerman shorthand "~
(babel)             in language  on input line 630.
 [40]
chapter 9.
Package babel Info: Redefining ngerman shorthand "|
(babel)             in language  on input line 630.
Package babel Info: Redefining ngerman shorthand "~
(babel)             in language  on input line 630.
Package babel Info: Redefining ngerman shorthand "|
(babel)             in language  on input line 632.
Package babel Info: Redefining ngerman shorthand "~
(babel)             in language  on input line 632.
Package babel Info: Redefining ngerman shorthand "|
(babel)             in language  on input line 649.
Package babel Info: Redefining ngerman shorthand "~
(babel)             in language  on input line 649.
Package babel Info: Redefining ngerman shorthand "|
(babel)             in language  on input line 649.
Package babel Info: Redefining ngerman shorthand "~
(babel)             in language  on input line 649.
[41

]
Package babel Info: Redefining ngerman shorthand "|
(babel)             in language  on input line 650.
Package babel Info: Redefining ngerman shorthand "~
(babel)             in language  on input line 650.

Underfull \hbox (badness 10000) in paragraph at lines 653--654

 []

Package babel Info: Redefining ngerman shorthand "|
(babel)             in language  on input line 658.
Package babel Info: Redefining ngerman shorthand "~
(babel)             in language  on input line 658.
Package babel Info: Redefining ngerman shorthand "|
(babel)             in language  on input line 663.
Package babel Info: Redefining ngerman shorthand "~
(babel)             in language  on input line 663.
Package babel Info: Redefining ngerman shorthand "|
(babel)             in language  on input line 668.
Package babel Info: Redefining ngerman shorthand "~
(babel)             in language  on input line 668.
Package babel Info: Redefining ngerman shorthand "|
(babel)             in language  on input line 668.
Package babel Info: Redefining ngerman shorthand "~
(babel)             in language  on input line 668.
[42]
Package babel Info: Redefining ngerman shorthand "|
(babel)             in language  on input line 674.
Package babel Info: Redefining ngerman shorthand "~
(babel)             in language  on input line 674.
Package babel Info: Redefining ngerman shorthand "|
(babel)             in language  on input line 677.
Package babel Info: Redefining ngerman shorthand "~
(babel)             in language  on input line 677.
Package babel Info: Redefining ngerman shorthand "|
(babel)             in language  on input line 677.
Package babel Info: Redefining ngerman shorthand "~
(babel)             in language  on input line 677.
 [43]
Package babel Info: Redefining ngerman shorthand "|
(babel)             in language  on input line 681.
Package babel Info: Redefining ngerman shorthand "~
(babel)             in language  on input line 681.
Package babel Info: Redefining ngerman shorthand "|
(babel)             in language  on input line 681.
Package babel Info: Redefining ngerman shorthand "~
(babel)             in language  on input line 681.
 [44]
chapter 10.
Package babel Info: Redefining ngerman shorthand "|
(babel)             in language  on input line 681.
Package babel Info: Redefining ngerman shorthand "~
(babel)             in language  on input line 681.
Package babel Info: Redefining ngerman shorthand "|
(babel)             in language  on input line 691.
Package babel Info: Redefining ngerman shorthand "~
(babel)             in language  on input line 691.
Package babel Info: Redefining ngerman shorthand "|
(babel)             in language  on input line 691.
Package babel Info: Redefining ngerman shorthand "~
(babel)             in language  on input line 691.
[45

]
chapter 11.
Package babel Info: Redefining ngerman shorthand "|
(babel)             in language  on input line 691.
Package babel Info: Redefining ngerman shorthand "~
(babel)             in language  on input line 691.
Package babel Info: Redefining ngerman shorthand "|
(babel)             in language  on input line 697.
Package babel Info: Redefining ngerman shorthand "~
(babel)             in language  on input line 697.
Package babel Info: Redefining ngerman shorthand "|
(babel)             in language  on input line 699.
Package babel Info: Redefining ngerman shorthand "~
(babel)             in language  on input line 699.
Package babel Info: Redefining ngerman shorthand "|
(babel)             in language  on input line 699.
Package babel Info: Redefining ngerman shorthand "~
(babel)             in language  on input line 699.
[46

]
chapter 12.
Package babel Info: Redefining ngerman shorthand "|
(babel)             in language  on input line 699.
Package babel Info: Redefining ngerman shorthand "~
(babel)             in language  on input line 699.
Package babel Info: Redefining ngerman shorthand "|
(babel)             in language  on input line 701.
Package babel Info: Redefining ngerman shorthand "~
(babel)             in language  on input line 701.
Package babel Info: Redefining ngerman shorthand "|
(babel)             in language  on input line 709.
Package babel Info: Redefining ngerman shorthand "~
(babel)             in language  on input line 709.
Package babel Info: Redefining ngerman shorthand "|
(babel)             in language  on input line 709.
Package babel Info: Redefining ngerman shorthand "~
(babel)             in language  on input line 709.
[47

]
Package babel Info: Redefining ngerman shorthand "|
(babel)             in language  on input line 709.
Package babel Info: Redefining ngerman shorthand "~
(babel)             in language  on input line 709.
 (LaTeX-Win-Abschlussarbeits-Template.lof
Overfull \hbox (6.01694pt too wide) in paragraph at lines 9--9
 \T1/lmr/m/n/12 beim pho-to-pi-schen Se-hen ge-wich-tet. Die wei-e Kur-ve (V'(
$\OML/lmm/m/it/12 $\T1/lmr/m/n/12 )) be-schreibt, 
 []

Package babel Info: Redefining ngerman shorthand "|
(babel)             in language  on input line 29.
Package babel Info: Redefining ngerman shorthand "~
(babel)             in language  on input line 29.
Package babel Info: Redefining ngerman shorthand "|
(babel)             in language  on input line 29.
Package babel Info: Redefining ngerman shorthand "~
(babel)             in language  on input line 29.
[48

])
\tf@lof=\write5
\openout5 = `LaTeX-Win-Abschlussarbeits-Template.lof'.

Package babel Info: Redefining ngerman shorthand "|
(babel)             in language  on input line 710.
Package babel Info: Redefining ngerman shorthand "~
(babel)             in language  on input line 710.
Package babel Info: Redefining ngerman shorthand "|
(babel)             in language  on input line 710.
Package babel Info: Redefining ngerman shorthand "~
(babel)             in language  on input line 710.
 [49]
Package babel Info: Redefining ngerman shorthand "|
(babel)             in language  on input line 710.
Package babel Info: Redefining ngerman shorthand "~
(babel)             in language  on input line 710.
 (LaTeX-Win-Abschlussarbeits-Template.lot)
\tf@lot=\write6
\openout6 = `LaTeX-Win-Abschlussarbeits-Template.lot'.

Package babel Info: Redefining ngerman shorthand "|
(babel)             in language  on input line 715.
Package babel Info: Redefining ngerman shorthand "~
(babel)             in language  on input line 715.
Package babel Info: Redefining ngerman shorthand "|
(babel)             in language  on input line 715.
Package babel Info: Redefining ngerman shorthand "~
(babel)             in language  on input line 715.
 [50

]
chapter without number
Package babel Info: Redefining ngerman shorthand "|
(babel)             in language  on input line 715.
Package babel Info: Redefining ngerman shorthand "~
(babel)             in language  on input line 715.

Underfull \hbox (badness 2903) in paragraph at lines 722--725
[]\T1/lmr/m/n/12 Bladowski, Bea-te & Maus, Da-niel: \T1/lmr/m/it/12 Farb-wahr-
neh-mung [][]$\T1/lmtt/m/n/12 http : / / irtel . uni -[]
 []


Underfull \hbox (badness 10000) in paragraph at lines 722--725
\T1/lmtt/m/n/12 mannheim . de / lehre / seminararbeiten / w96 / Farbe / seminar
 . htm # Wieviele$[][]\T1/lmr/m/n/12 ,
 []


Underfull \hbox (badness 3240) in paragraph at lines 727--730
[]\T1/lmr/m/n/12 Royer, Mi-che-al & Hou-ser Ke-vin: \T1/lmr/m/it/12 Un-der-sta
n-ding and Ap-p-ly-ing TM-30-15
 []


Underfull \hbox (badness 10000) in paragraph at lines 727--730
[][]$\T1/lmtt/m/n/12 https : / / www . energy . gov / sites / prod / files / 20
15 / 09 / f26 / tm30 -[] intro -[]
 []


Underfull \hbox (badness 1194) in paragraph at lines 732--735
[]\T1/lmr/m/n/12 U.S. De-part-ment of Ener-gy: \T1/lmr/m/it/12 Eva-lua-ting Co
-lor Ren-di-ti-on Using IES TM-30-
 []


Underfull \hbox (badness 7133) in paragraph at lines 732--735
\T1/lmr/m/it/12 15 [][]$\T1/lmtt/m/n/12 https : / / www . energy . gov / sites
 / prod / files / 2016 / 04 / f30 / tm -[] 30 _ fact -[]
 []


Underfull \hbox (badness 1122) in paragraph at lines 737--740
[]\T1/lmr/m/n/12 Commission In-ter-na-tio-na-le de l'Eclairage: \T1/lmr/m/it/12
 Tech-ni-cal Re-port 177:2007 : Co-lor
 []


Underfull \hbox (badness 4872) in paragraph at lines 742--745
[]\T1/lmr/m/n/12 Davis, Wen-dy L. & Ohno, Yos-hi-hi-ro: \T1/lmr/m/it/12 De-ve-
lop-ment of a Co-lor Qua-li-ty
 []


Underfull \hbox (badness 6016) in paragraph at lines 742--745
\T1/lmr/m/it/12 Sca-le [][]$\T1/lmtt/m/n/12 http : / / citeseerx . ist . psu .
 edu / viewdoc / download ? doi = 10 . 1 . 1 . 568 .
 []


Underfull \hbox (badness 10000) in paragraph at lines 757--760
\T1/lmtt/m/n/12 production -[] partner . de / basics / farbwiedergabe -[] tm -[
] 30 -[] 15 -[] cri -[] und -[] co/$[][]\T1/lmr/m/n/12 ,
 []


Underfull \hbox (badness 1184) in paragraph at lines 762--765
[]\T1/lmr/m/n/12 Gigahertz-Optik: \T1/lmr/m/it/12 Grund-la-den der Licht-mess-
tech-nik [][]$\T1/lmtt/m/n/12 https : / / www . gigahertz -[]
 []

Package babel Info: Redefining ngerman shorthand "|
(babel)             in language  on input line 785.
Package babel Info: Redefining ngerman shorthand "~
(babel)             in language  on input line 785.
Package babel Info: Redefining ngerman shorthand "|
(babel)             in language  on input line 785.
Package babel Info: Redefining ngerman shorthand "~
(babel)             in language  on input line 785.
[51

]
Package babel Info: Redefining ngerman shorthand "|
(babel)             in language  on input line 847.
Package babel Info: Redefining ngerman shorthand "~
(babel)             in language  on input line 847.
Package babel Info: Redefining ngerman shorthand "|
(babel)             in language  on input line 847.
Package babel Info: Redefining ngerman shorthand "~
(babel)             in language  on input line 847.
 [52]
Package atveryend Info: Empty hook `BeforeClearDocument' on input line 850.
Package babel Info: Redefining ngerman shorthand "|
(babel)             in language  on input line 850.
Package babel Info: Redefining ngerman shorthand "~
(babel)             in language  on input line 850.
Package babel Info: Redefining ngerman shorthand "|
(babel)             in language  on input line 850.
Package babel Info: Redefining ngerman shorthand "~
(babel)             in language  on input line 850.
 [53

]
Package atveryend Info: Empty hook `AfterLastShipout' on input line 850.
 (LaTeX-Win-Abschlussarbeits-Template.aux)
Package atveryend Info: Executing hook `AtVeryEndDocument' on input line 850.
Package atveryend Info: Executing hook `AtEndAfterFileList' on input line 850.
Package rerunfilecheck Info: File `LaTeX-Win-Abschlussarbeits-Template.out' has
 not changed.
(rerunfilecheck)             Checksum: C1292C8B541589FD0AC9579BA84AC475;3224.


LaTeX Warning: There were undefined references.


LaTeX Warning: There were multiply-defined labels.

Package atveryend Info: Empty hook `AtVeryVeryEnd' on input line 850.
 ) 
Here is how much of TeX's memory you used:
 10810 strings out of 493305
 170297 string characters out of 3129803
 370094 words of memory out of 3000000
 13905 multiletter control sequences out of 15000+200000
 84019 words of font info for 58 fonts, out of 3000000 for 9000
 1141 hyphenation exceptions out of 8191
 47i,12n,66p,9154b,528s stack positions out of 5000i,500n,10000p,200000b,50000s
pdfTeX warning (dest): name{Hfootnote.75} has been referenced but does not ex
ist, replaced by a fixed one

pdfTeX warning (dest): name{Hfootnote.74} has been referenced but does not exis
t, replaced by a fixed one

pdfTeX warning (dest): name{Hfootnote.73} has been referenced but does not exis
t, replaced by a fixed one

pdfTeX warning (dest): name{Hfootnote.72} has been referenced but does not exis
t, replaced by a fixed one

pdfTeX warning (dest): name{Hfootnote.71} has been referenced but does not exis
t, replaced by a fixed one

pdfTeX warning (dest): name{Hfootnote.70} has been referenced but does not exis
t, replaced by a fixed one

pdfTeX warning (dest): name{Hfootnote.69} has been referenced but does not exis
t, replaced by a fixed one

pdfTeX warning (dest): name{Hfootnote.68} has been referenced but does not exis
t, replaced by a fixed one

pdfTeX warning (dest): name{Hfootnote.67} has been referenced but does not exis
t, replaced by a fixed one

pdfTeX warning (dest): name{Hfootnote.66} has been referenced but does not exis
t, replaced by a fixed one

pdfTeX warning (dest): name{Hfootnote.65} has been referenced but does not exis
t, replaced by a fixed one

pdfTeX warning (dest): name{Hfootnote.64} has been referenced but does not exis
t, replaced by a fixed one

pdfTeX warning (dest): name{Hfootnote.63} has been referenced but does not exis
t, replaced by a fixed one

pdfTeX warning (dest): name{Hfootnote.62} has been referenced but does not exis
t, replaced by a fixed one

pdfTeX warning (dest): name{Hfootnote.61} has been referenced but does not exis
t, replaced by a fixed one

pdfTeX warning (dest): name{Hfootnote.60} has been referenced but does not exis
t, replaced by a fixed one

pdfTeX warning (dest): name{Hfootnote.59} has been referenced but does not exis
t, replaced by a fixed one

pdfTeX warning (dest): name{Hfootnote.58} has been referenced but does not exis
t, replaced by a fixed one

pdfTeX warning (dest): name{Hfootnote.57} has been referenced but does not exis
t, replaced by a fixed one

pdfTeX warning (dest): name{Hfootnote.56} has been referenced but does not exis
t, replaced by a fixed one

pdfTeX warning (dest): name{Hfootnote.49} has been referenced but does not exis
t, replaced by a fixed one

pdfTeX warning (dest): name{Hfootnote.31} has been referenced but does not exis
t, replaced by a fixed one

pdfTeX warning (dest): name{Hfootnote.14} has been referenced but does not exis
t, replaced by a fixed one

{C:/Users/heldm/AppData/Local/Programs/MiKTeX 2.9/fonts/enc/dvips/lm/lm-ec.enc}
{C:/Users/heldm/AppData/Local/Programs/MiKTeX 2.9/fonts/enc/dvips/lm/lm-mathsy.
enc}{C:/Users/heldm/AppData/Local/Programs/MiKTeX 2.9/fonts/enc/dvips/lm/lm-mat
hit.enc}{C:/Users/heldm/AppData/Local/Programs/MiKTeX 2.9/fonts/enc/dvips/lm/lm
-mathex.enc}{C:/Users/heldm/AppData/Local/Programs/MiKTeX 2.9/fonts/enc/dvips/l
m/lm-rm.enc}<C:/Users/heldm/AppData/Local/Programs/MiKTeX 2.9/fonts/type1/publi
c/lm/lmbx12.pfb><C:/Users/heldm/AppData/Local/Programs/MiKTeX 2.9/fonts/type1/p
ublic/lm/lmex10.pfb><C:/Users/heldm/AppData/Local/Programs/MiKTeX 2.9/fonts/typ
e1/public/lm/lmmi12.pfb><C:/Users/heldm/AppData/Local/Programs/MiKTeX 2.9/fonts
/type1/public/lm/lmmi6.pfb><C:/Users/heldm/AppData/Local/Programs/MiKTeX 2.9/fo
nts/type1/public/lm/lmmi8.pfb><C:/Users/heldm/AppData/Local/Programs/MiKTeX 2.9
/fonts/type1/public/lm/lmr10.pfb><C:/Users/heldm/AppData/Local/Programs/MiKTeX 
2.9/fonts/type1/public/lm/lmr12.pfb><C:/Users/heldm/AppData/Local/Programs/MiKT
eX 2.9/fonts/type1/public/lm/lmr17.pfb><C:/Users/heldm/AppData/Local/Programs/M
iKTeX 2.9/fonts/type1/public/lm/lmr6.pfb><C:/Users/heldm/AppData/Local/Programs
/MiKTeX 2.9/fonts/type1/public/lm/lmr7.pfb><C:/Users/heldm/AppData/Local/Progra
ms/MiKTeX 2.9/fonts/type1/public/lm/lmr8.pfb><C:/Users/heldm/AppData/Local/Prog
rams/MiKTeX 2.9/fonts/type1/public/lm/lmri12.pfb><C:/Users/heldm/AppData/Local/
Programs/MiKTeX 2.9/fonts/type1/public/lm/lmro12.pfb><C:/Users/heldm/AppData/Lo
cal/Programs/MiKTeX 2.9/fonts/type1/public/lm/lmss12.pfb><C:/Users/heldm/AppDat
a/Local/Programs/MiKTeX 2.9/fonts/type1/public/lm/lmss17.pfb><C:/Users/heldm/Ap
pData/Local/Programs/MiKTeX 2.9/fonts/type1/public/lm/lmss8.pfb><C:/Users/heldm
/AppData/Local/Programs/MiKTeX 2.9/fonts/type1/public/lm/lmssbx10.pfb><C:/Users
/heldm/AppData/Local/Programs/MiKTeX 2.9/fonts/type1/public/lm/lmsy10.pfb><C:/U
sers/heldm/AppData/Local/Programs/MiKTeX 2.9/fonts/type1/public/lm/lmsy6.pfb><C
:/Users/heldm/AppData/Local/Programs/MiKTeX 2.9/fonts/type1/public/lm/lmsy8.pfb
><C:/Users/heldm/AppData/Local/Programs/MiKTeX 2.9/fonts/type1/public/lm/lmtt10
.pfb><C:/Users/heldm/AppData/Local/Programs/MiKTeX 2.9/fonts/type1/public/lm/lm
tt12.pfb>
Output written on LaTeX-Win-Abschlussarbeits-Template.pdf (53 pages, 3380803 by
tes).
PDF statistics:
 1102 PDF objects out of 1200 (max. 8388607)
 249 named destinations out of 1000 (max. 500000)
 487 words of extra memory for PDF output out of 10000 (max. 10000000)

